[0mGET /api/ranks [33m403[0m 2.110 ms - 32[0m
[0mGET /api/employees [33m403[0m 2.629 ms - 32[0m
[0mGET /api/employees [33m403[0m 2.466 ms - 32[0m
[0mGET /api/employees [33m403[0m 3.293 ms - 32[0m
[0mGET /api/employees [33m403[0m 0.402 ms - 32[0m
[0mGET /api/employees [33m403[0m 0.228 ms - 32[0m
[0mGET /api/employees [33m403[0m 0.314 ms - 32[0m
[0mGET /api/users [32m200[0m 3.883 ms - 26[0m
[0mPOST /api/users [31m500[0m 61.312 ms - 57[0m
[0mPOST /api/users [31m500[0m 2.931 ms - 57[0m
[0mPOST /api/users [31m500[0m 15.020 ms - 89[0m
[0mPOST /api/users [32m201[0m 89.599 ms - 167[0m
[0mPOST /api/users [33m400[0m 0.831 ms - 92[0m
[0mPOST /api/users [32m201[0m 70.082 ms - 158[0m
[0mGET /api/users [32m200[0m 5.201 ms - 26[0m
[0mPOST /api/users [32m201[0m 127.379 ms - 158[0m
[0mGET /api/users [32m200[0m 2.717 ms - 160[0m
[0mGET /api/users [32m200[0m 6.107 ms - 160[0m
[0mPOST /api/users [32m201[0m 126.652 ms - 213[0m
[0mGET /api/users [32m200[0m 1.252 ms - 350[0m
[0mGET /api/login [33m404[0m 1.339 ms - 148[0m
[0mPOST /api/login [33m401[0m 3.313 ms - 97[0m
[0mPOST /api/login [33m401[0m 2.145 ms - 97[0m
[0mPOST /api/login [33m401[0m 1.269 ms - 97[0m
[0mPOST /api/login [33m401[0m 1.443 ms - 97[0m
[0mPOST /api/login [32m200[0m 68.972 ms - 191[0m
[0mPOST /api/login [33m404[0m 1.553 ms - 90[0m
[0mPOST /api/login [32m200[0m 67.227 ms - 191[0m
[0mPUT /api/users/1 [32m200[0m 21.863 ms - 158[0m
[0mGET /api/users [32m200[0m 2.112 ms - 350[0m
